[debug] [2021-01-19T19:11:49.076Z] ----------------------------------------------------------------------
[debug] [2021-01-19T19:11:49.078Z] Command:       C:\Program Files\nodejs\node.exe C:\Users\jerem\AppData\Roaming\npm\node_modules\firebase-tools\lib\bin\firebase.js deploy --only hosting
[debug] [2021-01-19T19:11:49.078Z] CLI Version:   7.16.1
[debug] [2021-01-19T19:11:49.078Z] Platform:      win32
[debug] [2021-01-19T19:11:49.078Z] Node Version:  v12.18.1
[debug] [2021-01-19T19:11:49.079Z] Time:          Tue Jan 19 2021 20:11:49 GMT+0100 (GMT+01:00)
[debug] [2021-01-19T19:11:49.079Z] ----------------------------------------------------------------------
[debug] [2021-01-19T19:11:49.079Z] 
[debug] [2021-01-19T19:11:49.084Z] > command requires scopes: ["email","openid","https://www.googleapis.com/auth/cloudplatformprojects.readonly","https://www.googleapis.com/auth/firebase","https://www.googleapis.com/auth/cloud-platform"]
[debug] [2021-01-19T19:11:49.085Z] > authorizing via signed-in user
[debug] [2021-01-19T19:11:49.085Z] [iam] checking project youtube-lite-280209 for permissions ["firebase.projects.get","firebasehosting.sites.update"]
[debug] [2021-01-19T19:11:49.087Z] >>> HTTP REQUEST POST https://cloudresourcemanager.googleapis.com/v1/projects/youtube-lite-280209:testIamPermissions  

[debug] [2021-01-19T19:11:49.098Z] [iam] error while checking permissions, command may fail: FirebaseError: Server Error. getaddrinfo ENOTFOUND cloudresourcemanager.googleapis.com
[debug] [2021-01-19T19:11:49.099Z] >>> HTTP REQUEST GET https://firebase.googleapis.com/v1beta1/projects/youtube-lite-280209  
 
[debug] [2021-01-19T19:11:49.101Z] Server Error. getaddrinfo ENOTFOUND firebase.googleapis.com
[debug] [2021-01-19T19:11:49.102Z] FirebaseError: Server Error. getaddrinfo ENOTFOUND firebase.googleapis.com
    at Request._callback (C:\Users\jerem\AppData\Roaming\npm\node_modules\firebase-tools\lib\api.js:31:31)
    at self.callback (C:\Users\jerem\AppData\Roaming\npm\node_modules\firebase-tools\node_modules\request\request.js:185:22)
    at Request.emit (events.js:315:20)
    at Request.EventEmitter.emit (domain.js:482:12)
    at Request.onRequestError (C:\Users\jerem\AppData\Roaming\npm\node_modules\firebase-tools\node_modules\request\request.js:877:8)
    at ClientRequest.emit (events.js:327:22)
    at ClientRequest.EventEmitter.emit (domain.js:482:12)
    at TLSSocket.socketErrorListener (_http_client.js:426:9)
    at TLSSocket.emit (events.js:315:20)
    at TLSSocket.EventEmitter.emit (domain.js:482:12)
    at emitErrorNT (internal/streams/destroy.js:92:8)
    at emitErrorAndCloseNT (internal/streams/destroy.js:60:3)
    at processTicksAndRejections (internal/process/task_queues.js:84:21)
[error] 
[error] Error: Failed to get Firebase project youtube-lite-280209. Please make sure the project exists and your account has permission to access it.
